Determining if the pthread_create exist failed with the following output:
Change Dir: /home/zzq/water_ws/build/CMakeFiles/CMakeTmp

Run Build Command:"/usr/bin/make" "cmTC_19a03/fast"
/usr/bin/make -f CMakeFiles/cmTC_19a03.dir/build.make CMakeFiles/cmTC_19a03.dir/build
make[1]: 进入目录“/home/zzq/water_ws/build/CMakeFiles/CMakeTmp”
Building C object CMakeFiles/cmTC_19a03.dir/CheckSymbolExists.c.o
/usr/bin/cc    -o CMakeFiles/cmTC_19a03.dir/CheckSymbolExists.c.o   -c /home/zzq/water_ws/build/CMakeFiles/CMakeTmp/CheckSymbolExists.c
Linking C executable cmTC_19a03
/usr/bin/cmake -E cmake_link_script CMakeFiles/cmTC_19a03.dir/link.txt --verbose=1
/usr/bin/cc      -rdynamic CMakeFiles/cmTC_19a03.dir/CheckSymbolExists.c.o  -o cmTC_19a03 
CMakeFiles/cmTC_19a03.dir/CheckSymbolExists.c.o：在函数‘main’中：
CheckSymbolExists.c:(.text+0x1b)：对‘pthread_create’未定义的引用
collect2: error: ld returned 1 exit status
CMakeFiles/cmTC_19a03.dir/build.make:97: recipe for target 'cmTC_19a03' failed
make[1]: *** [cmTC_19a03] Error 1
make[1]: 离开目录“/home/zzq/water_ws/build/CMakeFiles/CMakeTmp”
Makefile:126: recipe for target 'cmTC_19a03/fast' failed
make: *** [cmTC_19a03/fast] Error 2

File /home/zzq/water_ws/build/CMakeFiles/CMakeTmp/CheckSymbolExists.c:
/* */
#include <pthread.h>

int main(int argc, char** argv)
{
  (void)argv;
#ifndef pthread_create
  return ((int*)(&pthread_create))[argc];
#else
  (void)argc;
  return 0;
#endif
}

Determining if the function pthread_create exists in the pthreads failed with the following output:
Change Dir: /home/zzq/water_ws/build/CMakeFiles/CMakeTmp

Run Build Command:"/usr/bin/make" "cmTC_f89eb/fast"
/usr/bin/make -f CMakeFiles/cmTC_f89eb.dir/build.make CMakeFiles/cmTC_f89eb.dir/build
make[1]: 进入目录“/home/zzq/water_ws/build/CMakeFiles/CMakeTmp”
Building C object CMakeFiles/cmTC_f89eb.dir/CheckFunctionExists.c.o
/usr/bin/cc   -DCHECK_FUNCTION_EXISTS=pthread_create   -o CMakeFiles/cmTC_f89eb.dir/CheckFunctionExists.c.o   -c /usr/share/cmake-3.10/Modules/CheckFunctionExists.c
Linking C executable cmTC_f89eb
/usr/bin/cmake -E cmake_link_script CMakeFiles/cmTC_f89eb.dir/link.txt --verbose=1
/usr/bin/cc  -DCHECK_FUNCTION_EXISTS=pthread_create    -rdynamic CMakeFiles/cmTC_f89eb.dir/CheckFunctionExists.c.o  -o cmTC_f89eb -lpthreads 
/usr/bin/ld: 找不到 -lpthreads
collect2: error: ld returned 1 exit status
CMakeFiles/cmTC_f89eb.dir/build.make:97: recipe for target 'cmTC_f89eb' failed
make[1]: *** [cmTC_f89eb] Error 1
make[1]: 离开目录“/home/zzq/water_ws/build/CMakeFiles/CMakeTmp”
Makefile:126: recipe for target 'cmTC_f89eb/fast' failed
make: *** [cmTC_f89eb/fast] Error 2


